<?xml version="1.0" encoding="UTF-8"?>
<testng-results ignored="0" total="2" passed="2" failed="0" skipped="0">
  <reporter-output>
  </reporter-output>
  <suite started-at="2025-06-06T15:15:18 IST" name="Suite" finished-at="2025-06-06T15:16:36 IST" duration-ms="77206">
    <groups>
      <group name="cucumber">
        <method signature="AbstractTestNGCucumberTests.runScenario(io.cucumber.testng.PickleWrapper,io.cucumber.testng.FeatureWrapper)[pri:0, instance:runner.Runner@4a8355dd]" name="runScenario" class="io.cucumber.testng.AbstractTestNGCucumberTests"/>
      </group> <!-- cucumber -->
    </groups>
    <test started-at="2025-06-06T15:15:18 IST" name="Test" finished-at="2025-06-06T15:16:36 IST" duration-ms="77206">
      <class name="runner.Runner">
        <test-method is-config="true" signature="setUpClass(org.testng.ITestContext)[pri:0, instance:runner.Runner@4a8355dd]" started-at="2025-06-06T15:15:19 IST" name="setUpClass" finished-at="2025-06-06T15:15:20 IST" duration-ms="1608" status="PASS">
          <params>
            <param index="0">
              <value>
                <![CDATA[org.testng.TestRunner@dc79225]]>
              </value>
            </param>
          </params>
          <reporter-output>
          </reporter-output>
        </test-method> <!-- setUpClass -->
        <test-method signature="runScenario(io.cucumber.testng.PickleWrapper,io.cucumber.testng.FeatureWrapper)[pri:0, instance:runner.Runner@4a8355dd]" started-at="2025-06-06T15:15:20 IST" name="runScenario" description="Runs Cucumber Scenarios" data-provider="scenarios" finished-at="2025-06-06T15:15:54 IST" duration-ms="34113" status="PASS">
          <params>
            <param index="0">
              <value>
                <![CDATA["Sign up to Create an Account"]]>
              </value>
            </param>
            <param index="1">
              <value>
                <![CDATA["User Signup flow"]]>
              </value>
            </param>
          </params>
          <reporter-output>
          </reporter-output>
        </test-method> <!-- runScenario -->
        <test-method signature="runScenario(io.cucumber.testng.PickleWrapper,io.cucumber.testng.FeatureWrapper)[pri:0, instance:runner.Runner@4a8355dd]" started-at="2025-06-06T15:15:54 IST" name="runScenario" description="Runs Cucumber Scenarios" data-provider="scenarios" finished-at="2025-06-06T15:16:36 IST" duration-ms="41283" status="PASS">
          <params>
            <param index="0">
              <value>
                <![CDATA["Successful user sign-in to the application"]]>
              </value>
            </param>
            <param index="1">
              <value>
                <![CDATA["User Signup flow"]]>
              </value>
            </param>
          </params>
          <reporter-output>
          </reporter-output>
        </test-method> <!-- runScenario -->
        <test-method is-config="true" signature="tearDownClass()[pri:0, instance:runner.Runner@4a8355dd]" started-at="2025-06-06T15:16:36 IST" name="tearDownClass" finished-at="2025-06-06T15:16:36 IST" duration-ms="62" status="PASS">
          <reporter-output>
          </reporter-output>
        </test-method> <!-- tearDownClass -->
      </class> <!-- runner.Runner -->
    </test> <!-- Test -->
  </suite> <!-- Suite -->
</testng-results>
