<?xml version="1.0" encoding="UTF-8"?>
<testng-results ignored="0" total="2" passed="2" failed="0" skipped="0">
  <reporter-output>
  </reporter-output>
  <suite started-at="2025-06-05T21:08:59 IST" name="Default suite" finished-at="2025-06-05T21:09:39 IST" duration-ms="40413">
    <groups>
      <group name="cucumber">
        <method signature="AbstractTestNGCucumberTests.runScenario(io.cucumber.testng.PickleWrapper,io.cucumber.testng.FeatureWrapper)[pri:0, instance:runner.Runner@6c284af]" name="runScenario" class="io.cucumber.testng.AbstractTestNGCucumberTests"/>
      </group> <!-- cucumber -->
    </groups>
    <test started-at="2025-06-05T21:08:59 IST" name="Default test" finished-at="2025-06-05T21:09:39 IST" duration-ms="40413">
      <class name="runner.Runner">
        <test-method is-config="true" signature="setUpClass(org.testng.ITestContext)[pri:0, instance:runner.Runner@6c284af]" started-at="2025-06-05T21:08:59 IST" name="setUpClass" finished-at="2025-06-05T21:09:00 IST" duration-ms="1612" status="PASS">
          <params>
            <param index="0">
              <value>
                <![CDATA[org.testng.TestRunner@4beaf6bd]]>
              </value>
            </param>
          </params>
          <reporter-output>
          </reporter-output>
        </test-method> <!-- setUpClass -->
        <test-method signature="runScenario(io.cucumber.testng.PickleWrapper,io.cucumber.testng.FeatureWrapper)[pri:0, instance:runner.Runner@6c284af]" started-at="2025-06-05T21:09:01 IST" name="runScenario" description="Runs Cucumber Scenarios" data-provider="scenarios" finished-at="2025-06-05T21:09:23 IST" duration-ms="22164" status="PASS">
          <params>
            <param index="0">
              <value>
                <![CDATA["Sign up to Create an Account"]]>
              </value>
            </param>
            <param index="1">
              <value>
                <![CDATA["User Signup flow"]]>
              </value>
            </param>
          </params>
          <reporter-output>
          </reporter-output>
        </test-method> <!-- runScenario -->
        <test-method signature="runScenario(io.cucumber.testng.PickleWrapper,io.cucumber.testng.FeatureWrapper)[pri:0, instance:runner.Runner@6c284af]" started-at="2025-06-05T21:09:23 IST" name="runScenario" description="Runs Cucumber Scenarios" data-provider="scenarios" finished-at="2025-06-05T21:09:39 IST" duration-ms="16350" status="PASS">
          <params>
            <param index="0">
              <value>
                <![CDATA["Successful user sign-in to the application"]]>
              </value>
            </param>
            <param index="1">
              <value>
                <![CDATA["User Signup flow"]]>
              </value>
            </param>
          </params>
          <reporter-output>
          </reporter-output>
        </test-method> <!-- runScenario -->
        <test-method is-config="true" signature="tearDownClass()[pri:0, instance:runner.Runner@6c284af]" started-at="2025-06-05T21:09:39 IST" name="tearDownClass" finished-at="2025-06-05T21:09:39 IST" duration-ms="138" status="PASS">
          <reporter-output>
          </reporter-output>
        </test-method> <!-- tearDownClass -->
      </class> <!-- runner.Runner -->
    </test> <!-- Default test -->
  </suite> <!-- Default suite -->
</testng-results>
